<?xml version="1.0" encoding="UTF-8"?>
<robot generator="Robot 7.2.2 (Python 3.13.1 on darwin)" generated="2025-02-11T11:21:59.509869" rpa="false" schemaversion="5">
<suite id="s1" name="Lol2" source="/Users/nickykung123/Downloads/robotTestcase/lol2.robot">
<test id="s1-t1" name="Remove Product From Cart" line="12">
<kw name="Open Browser" owner="SeleniumLibrary">
<msg time="2025-02-11T11:21:59.679819" level="INFO">Opening browser 'Chrome' to base url 'http://automationexercise.com'.</msg>
<arg>${URL}</arg>
<arg>${BROWSER}</arg>
<doc>Opens a new browser instance to the optional ``url``.</doc>
<status status="PASS" start="2025-02-11T11:21:59.679583" elapsed="6.951676"/>
</kw>
<kw name="Get Title" owner="SeleniumLibrary">
<msg time="2025-02-11T11:22:06.635564" level="INFO">${title} = Automation Exercise</msg>
<var>${title}</var>
<doc>Returns the title of the current page.</doc>
<status status="PASS" start="2025-02-11T11:22:06.632040" elapsed="0.003704"/>
</kw>
<kw name="Should Contain" owner="BuiltIn">
<arg>${title}</arg>
<arg>Automation Exercise</arg>
<doc>Fails if ``container`` does not contain ``item`` one or more times.</doc>
<status status="PASS" start="2025-02-11T11:22:06.635946" elapsed="0.000216"/>
</kw>
<kw name="Log" owner="BuiltIn">
<msg time="2025-02-11T11:22:06.636507" level="INFO">สำเร็จ</msg>
<arg>สำเร็จ</arg>
<doc>Logs the given message with the given level.</doc>
<status status="PASS" start="2025-02-11T11:22:06.636306" elapsed="0.000311"/>
</kw>
<kw name="Sleep" owner="BuiltIn">
<msg time="2025-02-11T11:22:08.638122" level="INFO">Slept 2 seconds.</msg>
<arg>2s</arg>
<doc>Pauses the test executed for the given time.</doc>
<status status="PASS" start="2025-02-11T11:22:06.636975" elapsed="2.001956"/>
</kw>
<kw name="Get WebElement" owner="SeleniumLibrary">
<msg time="2025-02-11T11:22:08.656449" level="INFO">${element} = &lt;selenium.webdriver.remote.webelement.WebElement (session="5e404ddc8a9b6794a32221aac7c834f3", element="f.03181AAA65EFF73F2E7870BD3FEEE2D8.d.F7486BD7599BCCE0F354C711DA3C3ED6.e.42")&gt;</msg>
<var>${element}</var>
<arg>${ADD_TO_CART_BTN}</arg>
<doc>Returns the first WebElement matching the given ``locator``.</doc>
<status status="PASS" start="2025-02-11T11:22:08.639716" elapsed="0.016982"/>
</kw>
<kw name="Execute Javascript" owner="SeleniumLibrary">
<msg time="2025-02-11T11:22:08.657899" level="INFO">Executing JavaScript:
arguments[0].dispatchEvent(new Event('click'));
By using argument:
'&lt;selenium.webdriver.remote.webelement.WebElement (session="5e404ddc8a9b6794a32221aac7c834f3", element="f.03181AAA65EFF73F2E7870BD3FEEE2D8.d.F7486BD7599BCCE0F354C711DA3C3ED6.e.42")&gt;'</msg>
<arg>arguments[0].dispatchEvent(new Event('click'));</arg>
<arg>ARGUMENTS</arg>
<arg>${element}</arg>
<doc>Executes the given JavaScript code with possible arguments.</doc>
<status status="PASS" start="2025-02-11T11:22:08.657172" elapsed="0.011930"/>
</kw>
<kw name="Sleep" owner="BuiltIn">
<msg time="2025-02-11T11:22:10.671259" level="INFO">Slept 2 seconds.</msg>
<arg>2s</arg>
<doc>Pauses the test executed for the given time.</doc>
<status status="PASS" start="2025-02-11T11:22:08.669698" elapsed="2.001755"/>
</kw>
<kw name="Run Keyword And Ignore Error" owner="BuiltIn">
<kw name="Click Button" owner="SeleniumLibrary">
<msg time="2025-02-11T11:22:10.672132" level="INFO">Clicking button '//button[text()='Continue Shopping']'.</msg>
<arg>//button[text()='Continue Shopping']</arg>
<doc>Clicks the button identified by ``locator``.</doc>
<status status="PASS" start="2025-02-11T11:22:10.671950" elapsed="0.043438"/>
</kw>
<arg>Click Button</arg>
<arg>//button[text()='Continue Shopping']</arg>
<doc>Runs the given keyword with the given arguments and ignores possible error.</doc>
<status status="PASS" start="2025-02-11T11:22:10.671732" elapsed="0.043761"/>
</kw>
<kw name="Log" owner="BuiltIn">
<msg time="2025-02-11T11:22:10.715853" level="INFO">สำเร็จ</msg>
<arg>สำเร็จ</arg>
<doc>Logs the given message with the given level.</doc>
<status status="PASS" start="2025-02-11T11:22:10.715712" elapsed="0.000226"/>
</kw>
<kw name="Click Element" owner="SeleniumLibrary">
<msg time="2025-02-11T11:22:10.716310" level="INFO">Clicking element '//a[@href='/view_cart']'.</msg>
<arg>${CART_BTN}</arg>
<doc>Click the element identified by ``locator``.</doc>
<status status="PASS" start="2025-02-11T11:22:10.716138" elapsed="1.642038"/>
</kw>
<kw name="Sleep" owner="BuiltIn">
<msg time="2025-02-11T11:22:14.360479" level="INFO">Slept 2 seconds.</msg>
<arg>2s</arg>
<doc>Pauses the test executed for the given time.</doc>
<status status="PASS" start="2025-02-11T11:22:12.358923" elapsed="2.002106"/>
</kw>
<kw name="Page Should Contain" owner="SeleniumLibrary">
<msg time="2025-02-11T11:22:14.378176" level="INFO">Current page contains text 'Shopping Cart'.</msg>
<arg>Shopping Cart</arg>
<doc>Verifies that current page contains ``text``.</doc>
<status status="PASS" start="2025-02-11T11:22:14.361808" elapsed="0.016571"/>
</kw>
<kw name="Log" owner="BuiltIn">
<msg time="2025-02-11T11:22:14.378878" level="INFO">สำเร็จ</msg>
<arg>สำเร็จ</arg>
<doc>Logs the given message with the given level.</doc>
<status status="PASS" start="2025-02-11T11:22:14.378683" elapsed="0.000296"/>
</kw>
<kw name="Click Element" owner="SeleniumLibrary">
<msg time="2025-02-11T11:22:14.379375" level="INFO">Clicking element '//a[@class='cart_quantity_delete']'.</msg>
<arg>${REMOVE_BTN}</arg>
<doc>Click the element identified by ``locator``.</doc>
<status status="PASS" start="2025-02-11T11:22:14.379170" elapsed="0.050084"/>
</kw>
<kw name="Sleep" owner="BuiltIn">
<msg time="2025-02-11T11:22:17.431393" level="INFO">Slept 3 seconds.</msg>
<arg>3s</arg>
<doc>Pauses the test executed for the given time.</doc>
<status status="PASS" start="2025-02-11T11:22:14.429602" elapsed="3.002642"/>
</kw>
<kw name="Close Browser" owner="SeleniumLibrary">
<doc>Closes the current browser.</doc>
<status status="PASS" start="2025-02-11T11:22:17.432852" elapsed="0.103837"/>
</kw>
<status status="PASS" start="2025-02-11T11:21:59.678675" elapsed="17.858302"/>
</test>
<status status="PASS" start="2025-02-11T11:21:59.513745" elapsed="18.023631"/>
</suite>
<statistics>
<total>
<stat pass="1" fail="0" skip="0">All Tests</stat>
</total>
<tag>
</tag>
<suite>
<stat name="Lol2" id="s1" pass="1" fail="0" skip="0">Lol2</stat>
</suite>
</statistics>
<errors>
</errors>
</robot>
